<?xml version="1.0" encoding="UTF-8"?>
<coverage generated="1667410095796" clover="3.2.0">
  <project timestamp="1667410095796" name="All files">
    <metrics statements="6" coveredstatements="5" conditionals="2" coveredconditionals="1" methods="1" coveredmethods="1" elements="9" coveredelements="7" complexity="0" loc="6" ncloc="6" packages="1" files="1" classes="1"/>
    <file name="createPost.js" path="/Users/hesham/Documents/work/Noroff/year_one_two_assets/Front-End Development 2/Module 4 - JavaScript-2/day-8-end/1-single-post-view-edit-delete/js/utils/createPost.js">
      <metrics statements="6" coveredstatements="5" conditionals="2" coveredconditionals="1" methods="1" coveredmethods="1"/>
      <line num="7" count="1" type="stmt"/>
      <line num="15" count="1" type="stmt"/>
      <line num="16" count="1" type="cond" truecount="1" falsecount="1"/>
      <line num="18" count="1" type="stmt"/>
      <line num="19" count="1" type="stmt"/>
      <line num="21" count="0" type="stmt"/>
    </file>
  </project>
</coverage>
