{"/Users/hesham/Documents/work/Noroff/year_one_two_assets/Front-End Development 2/Module 4 - JavaScript-2/day-8-end/1-single-post-view-edit-delete/js/utils/createPost.js": {"path":"/Users/hesham/Documents/work/Noroff/year_one_two_assets/Front-End Development 2/Module 4 - JavaScript-2/day-8-end/1-single-post-view-edit-delete/js/utils/createPost.js","statementMap":{"0":{"start":{"line":7,"column":19},"end":{"line":14,"column":4}},"1":{"start":{"line":15,"column":23},"end":{"line":15,"column":44}},"2":{"start":{"line":16,"column":2},"end":{"line":22,"column":3}},"3":{"start":{"line":18,"column":4},"end":{"line":18,"column":52}},"4":{"start":{"line":19,"column":4},"end":{"line":19,"column":24}},"5":{"start":{"line":21,"column":4},"end":{"line":21,"column":34}}},"fnMap":{"0":{"name":"createPost","decl":{"start":{"line":6,"column":15},"end":{"line":6,"column":25}},"loc":{"start":{"line":6,"column":55},"end":{"line":23,"column":1}},"line":6}},"branchMap":{"0":{"loc":{"start":{"line":16,"column":2},"end":{"line":22,"column":3}},"type":"if","locations":[{"start":{"line":16,"column":2},"end":{"line":22,"column":3}},{"start":{"line":20,"column":9},"end":{"line":22,"column":3}}],"line":16}},"s":{"0":1,"1":1,"2":1,"3":1,"4":1,"5":0},"f":{"0":1},"b":{"0":[1,0]},"_coverageSchema":"1a1c01bbd47fc00a2c39e90264f33305004495a9","hash":"5189b20b985ae42024bc55b4fe129cbe85fd9f4e"}
}
