{"/Users/hesham/Documents/work/Noroff/year_one_two_assets/Front-End Development 2/Module 4 - JavaScript-2/day-8-end/1-single-post-view-edit-delete/js/utils/createPost.js": {"path":"/Users/hesham/Documents/work/Noroff/year_one_two_assets/Front-End Development 2/Module 4 - JavaScript-2/day-8-end/1-single-post-view-edit-delete/js/utils/createPost.js","statementMap":{"0":{"start":{"line":2,"column":19},"end":{"line":9,"column":4}},"1":{"start":{"line":10,"column":2},"end":{"line":10,"column":52}},"2":{"start":{"line":11,"column":23},"end":{"line":11,"column":44}},"3":{"start":{"line":12,"column":2},"end":{"line":12,"column":44}},"4":{"start":{"line":14,"column":2},"end":{"line":20,"column":3}},"5":{"start":{"line":15,"column":4},"end":{"line":15,"column":52}},"6":{"start":{"line":16,"column":4},"end":{"line":16,"column":16}},"7":{"start":{"line":19,"column":4},"end":{"line":19,"column":34}}},"fnMap":{"0":{"name":"createPost","decl":{"start":{"line":1,"column":15},"end":{"line":1,"column":25}},"loc":{"start":{"line":1,"column":55},"end":{"line":21,"column":1}},"line":1}},"branchMap":{"0":{"loc":{"start":{"line":14,"column":2},"end":{"line":20,"column":3}},"type":"if","locations":[{"start":{"line":14,"column":2},"end":{"line":20,"column":3}},{"start":{"line":18,"column":9},"end":{"line":20,"column":3}}],"line":14}},"s":{"0":1,"1":1,"2":1,"3":1,"4":1,"5":1,"6":1,"7":0},"f":{"0":1},"b":{"0":[1,0]},"_coverageSchema":"1a1c01bbd47fc00a2c39e90264f33305004495a9","hash":"a9de35599df5f2a212d5ebd9f88eeb89a1d390ac"}
}
